<?xml version="1.0" encoding="UTF-8" ?>
<testsuite tests="3" failures="0" name="eu.jpereira.trainings.designpatterns.creational.builder.ReportAssemblerTest" time="0" errors="0" skipped="0">
  <properties>
[...]
</properties>
  <testcase classname="eu.jpereira.trainings.designpatterns.creational.builder.ReportAssemblerTest" name="testAssembleHTMLReportBody" time="0"/>
  <testcase classname="eu.jpereira.trainings.designpatterns.creational.builder.ReportAssemblerTest" name="testAssembleJSONReportBody" time="0"/>
  <testcase classname="eu.jpereira.trainings.designpatterns.creational.builder.ReportAssemblerTest" name="testAssembleXMLReportBody" time="0"/>
</testsuite>